2022-06-28 09:23:47,880 DEBUG org.example.starter.core.service.engine.impl.AsyncServiceImpl [task-1]    ... runAsync stop  [task-1] arg=[6497c21e-7366-49f9-991b-411c953df06e]
2022-06-28 09:23:49,881 DEBUG org.example.starter.core.service.scheduler.ExecOnTimerService [scheduling-1]    ... execOnTimer [scheduling-1]
2022-06-28 09:23:50,712 DEBUG org.example.starter.core.service.engine.impl.AsyncServiceImpl [task-3]    ... runAsync start [task-3] arg=[c049ad14-b610-4d1a-93db-ebc5b31f71f6]
2022-06-28 09:23:50,884 DEBUG org.example.starter.core.service.engine.impl.AsyncServiceImpl [task-2]    ... runAsync stop  [task-2] arg=[2f6be876-da93-4168-abd0-9b0f01e046aa]
2022-06-28 09:23:53,718 DEBUG org.example.starter.core.service.scheduler.ExecOnTimerService [scheduling-1]    ... execOnTimer [scheduling-1]
2022-06-28 09:23:53,721 DEBUG org.example.starter.core.service.engine.impl.AsyncServiceImpl [task-4]    ... runAsync start [task-4] arg=[edb650ca-001b-4eca-9199-ebcc860a3aff]
2022-06-28 09:23:54,756 DEBUG org.example.starter.core.service.engine.impl.AsyncServiceImpl [task-3]    ... runAsync stop  [task-3] arg=[c049ad14-b610-4d1a-93db-ebc5b31f71f6]
2022-06-28 09:23:56,721 DEBUG org.example.starter.core.service.scheduler.ExecOnTimerService [scheduling-1]    ... execOnTimer [scheduling-1]
2022-06-28 09:23:56,723 DEBUG org.example.starter.core.service.engine.impl.AsyncServiceImpl [task-5]    ... runAsync start [task-5] arg=[694326e0-050c-47a7-a5ae-05371702d18f]
2022-06-28 09:23:57,728 DEBUG org.example.starter.core.service.engine.impl.AsyncServiceImpl [task-4]    ... runAsync stop  [task-4] arg=[edb650ca-001b-4eca-9199-ebcc860a3aff]
2022-06-28 09:23:59,724 DEBUG org.example.starter.core.service.scheduler.ExecOnTimerService [scheduling-1]    ... execOnTimer [scheduling-1]
2022-06-28 09:23:59,725 DEBUG org.example.starter.core.service.engine.impl.AsyncServiceImpl [task-6]    ... runAsync start [task-6] arg=[2cae9a6b-b8f2-4c17-9c1d-83e425e61aeb]
2022-06-28 09:24:00,738 DEBUG org.example.starter.core.service.engine.impl.AsyncServiceImpl [task-5]    ... runAsync stop  [task-5] arg=[694326e0-050c-47a7-a5ae-05371702d18f]
2022-06-28 09:24:02,728 DEBUG org.example.starter.core.service.scheduler.ExecOnTimerService [scheduling-1]    ... execOnTimer [scheduling-1]
2022-06-28 09:24:02,728 DEBUG org.example.starter.core.service.engine.impl.AsyncServiceImpl [task-7]    ... runAsync start [task-7] arg=[2ffbc97d-6b88-4824-91d3-fbfac04c4762]
2022-06-28 09:24:03,726 DEBUG org.example.starter.core.service.engine.impl.AsyncServiceImpl [task-6]    ... runAsync stop  [task-6] arg=[2cae9a6b-b8f2-4c17-9c1d-83e425e61aeb]
2022-06-28 09:24:05,742 DEBUG org.example.starter.core.service.scheduler.ExecOnTimerService [scheduling-1]    ... execOnTimer [scheduling-1]
2022-06-28 09:24:05,745 DEBUG org.example.starter.core.service.engine.impl.AsyncServiceImpl [task-8]    ... runAsync start [task-8] arg=[de5ad0ad-b960-4abd-8415-e3a88a6ed42b]
2022-06-28 09:24:06,741 DEBUG org.example.starter.core.service.engine.impl.AsyncServiceImpl [task-7]    ... runAsync stop  [task-7] arg=[2ffbc97d-6b88-4824-91d3-fbfac04c4762]
2022-06-28 09:24:08,753 DEBUG org.example.starter.core.service.scheduler.ExecOnTimerService [scheduling-1]    ... execOnTimer [scheduling-1]
2022-06-28 09:24:08,754 DEBUG org.example.starter.core.service.engine.impl.AsyncServiceImpl [task-1]    ... runAsync start [task-1] arg=[d5ecbdd6-bc74-4238-875e-f71b9ad3e6ce]
2022-06-28 09:24:09,745 DEBUG org.example.starter.core.service.engine.impl.AsyncServiceImpl [task-8]    ... runAsync stop  [task-8] arg=[de5ad0ad-b960-4abd-8415-e3a88a6ed42b]
2022-06-28 09:24:11,755 DEBUG org.example.starter.core.service.scheduler.ExecOnTimerService [scheduling-1]    ... execOnTimer [scheduling-1]
2022-06-28 09:24:11,756 DEBUG org.example.starter.core.service.engine.impl.AsyncServiceImpl [task-2]    ... runAsync start [task-2] arg=[cd8c3a60-176b-47e4-a37b-f7f01e94191f]
2022-06-28 09:24:12,764 DEBUG org.example.starter.core.service.engine.impl.AsyncServiceImpl [task-1]    ... runAsync stop  [task-1] arg=[d5ecbdd6-bc74-4238-875e-f71b9ad3e6ce]
2022-06-28 09:24:14,759 DEBUG org.example.starter.core.service.scheduler.ExecOnTimerService [scheduling-1]    ... execOnTimer [scheduling-1]
2022-06-28 09:24:14,761 DEBUG org.example.starter.core.service.engine.impl.AsyncServiceImpl [task-3]    ... runAsync start [task-3] arg=[d2a770b9-26a9-469a-b78f-700bbd961f15]
2022-06-28 09:24:15,759 DEBUG org.example.starter.core.service.engine.impl.AsyncServiceImpl [task-2]    ... runAsync stop  [task-2] arg=[cd8c3a60-176b-47e4-a37b-f7f01e94191f]
2022-06-28 09:24:17,768 DEBUG org.example.starter.core.service.scheduler.ExecOnTimerService [scheduling-1]    ... execOnTimer [scheduling-1]
2022-06-28 09:24:17,768 DEBUG org.example.starter.core.service.engine.impl.AsyncServiceImpl [task-4]    ... runAsync start [task-4] arg=[e9beec63-25a5-4355-be9b-be2e0401e17c]
2022-06-28 09:24:18,769 DEBUG org.example.starter.core.service.engine.impl.AsyncServiceImpl [task-3]    ... runAsync stop  [task-3] arg=[d2a770b9-26a9-469a-b78f-700bbd961f15]
2022-06-28 09:24:20,772 DEBUG org.example.starter.core.service.scheduler.ExecOnTimerService [scheduling-1]    ... execOnTimer [scheduling-1]
2022-06-28 09:24:20,772 DEBUG org.example.starter.core.service.engine.impl.AsyncServiceImpl [task-5]    ... runAsync start [task-5] arg=[29d8822c-ec63-4863-a202-b708baff2bf5]
2022-06-28 09:24:21,776 DEBUG org.example.starter.core.service.engine.impl.AsyncServiceImpl [task-4]    ... runAsync stop  [task-4] arg=[e9beec63-25a5-4355-be9b-be2e0401e17c]
2022-06-28 09:24:23,778 DEBUG org.example.starter.core.service.scheduler.ExecOnTimerService [scheduling-1]    ... execOnTimer [scheduling-1]
2022-06-28 09:24:23,778 DEBUG org.example.starter.core.service.engine.impl.AsyncServiceImpl [task-6]    ... runAsync start [task-6] arg=[5fe4c701-caba-4591-8699-7630f5e504bf]
2022-06-28 09:24:24,780 DEBUG org.example.starter.core.service.engine.impl.AsyncServiceImpl [task-5]    ... runAsync stop  [task-5] arg=[29d8822c-ec63-4863-a202-b708baff2bf5]
2022-06-28 09:24:26,785 DEBUG org.example.starter.core.service.scheduler.ExecOnTimerService [scheduling-1]    ... execOnTimer [scheduling-1]
2022-06-28 09:24:26,787 DEBUG org.example.starter.core.service.engine.impl.AsyncServiceImpl [task-7]    ... runAsync start [task-7] arg=[07d037b2-1333-49f5-b958-8ca25a9e4c53]
2022-06-28 09:24:27,779 DEBUG org.example.starter.core.service.engine.impl.AsyncServiceImpl [task-6]    ... runAsync stop  [task-6] arg=[5fe4c701-caba-4591-8699-7630f5e504bf]
2022-06-28 09:24:29,790 DEBUG org.example.starter.core.service.scheduler.ExecOnTimerService [scheduling-1]    ... execOnTimer [scheduling-1]
2022-06-28 09:24:29,791 DEBUG org.example.starter.core.service.engine.impl.AsyncServiceImpl [task-8]    ... runAsync start [task-8] arg=[a23aab8f-5a35-4a36-94c2-912d01827687]
2022-06-28 09:24:30,796 DEBUG org.example.starter.core.service.engine.impl.AsyncServiceImpl [task-7]    ... runAsync stop  [task-7] arg=[07d037b2-1333-49f5-b958-8ca25a9e4c53]
2022-06-28 09:24:32,792 DEBUG org.example.starter.core.service.scheduler.ExecOnTimerService [scheduling-1]    ... execOnTimer [scheduling-1]
2022-06-28 09:24:32,792 DEBUG org.example.starter.core.service.engine.impl.AsyncServiceImpl [task-1]    ... runAsync start [task-1] arg=[73e9716b-5adb-4244-9307-7aea69deb848]
2022-06-28 09:24:33,805 DEBUG org.example.starter.core.service.engine.impl.AsyncServiceImpl [task-8]    ... runAsync stop  [task-8] arg=[a23aab8f-5a35-4a36-94c2-912d01827687]
2022-06-28 09:24:35,794 DEBUG org.example.starter.core.service.scheduler.ExecOnTimerService [scheduling-1]    ... execOnTimer [scheduling-1]
2022-06-28 09:24:35,794 DEBUG org.example.starter.core.service.engine.impl.AsyncServiceImpl [task-2]    ... runAsync start [task-2] arg=[6f0435de-12ca-44af-8c7f-b9fe50e6dc7f]
2022-06-28 09:24:36,806 DEBUG org.example.starter.core.service.engine.impl.AsyncServiceImpl [task-1]    ... runAsync stop  [task-1] arg=[73e9716b-5adb-4244-9307-7aea69deb848]
2022-06-28 09:24:38,795 DEBUG org.example.starter.core.service.scheduler.ExecOnTimerService [scheduling-1]    ... execOnTimer [scheduling-1]
2022-06-28 09:24:38,795 DEBUG org.example.starter.core.service.engine.impl.AsyncServiceImpl [task-3]    ... runAsync start [task-3] arg=[9e1040d5-0c38-44a8-af5c-69aa79825ff6]
2022-06-28 09:24:39,806 DEBUG org.example.starter.core.service.engine.impl.AsyncServiceImpl [task-2]    ... runAsync stop  [task-2] arg=[6f0435de-12ca-44af-8c7f-b9fe50e6dc7f]
2022-06-28 09:24:41,799 DEBUG org.example.starter.core.service.scheduler.ExecOnTimerService [scheduling-1]    ... execOnTimer [scheduling-1]
2022-06-28 09:24:41,799 DEBUG org.example.starter.core.service.engine.impl.AsyncServiceImpl [task-4]    ... runAsync start [task-4] arg=[86f25779-3424-4267-b4ec-d69d102bd3c0]
2022-06-28 09:24:42,807 DEBUG org.example.starter.core.service.engine.impl.AsyncServiceImpl [task-3]    ... runAsync stop  [task-3] arg=[9e1040d5-0c38-44a8-af5c-69aa79825ff6]
2022-06-28 09:24:44,811 DEBUG org.example.starter.core.service.scheduler.ExecOnTimerService [scheduling-1]    ... execOnTimer [scheduling-1]
2022-06-28 09:24:44,811 DEBUG org.example.starter.core.service.engine.impl.AsyncServiceImpl [task-5]    ... runAsync start [task-5] arg=[40780cf0-89ff-45ea-8c84-e7fa0bc57f3b]
2022-06-28 09:24:45,812 DEBUG org.example.starter.core.service.engine.impl.AsyncServiceImpl [task-4]    ... runAsync stop  [task-4] arg=[86f25779-3424-4267-b4ec-d69d102bd3c0]
2022-06-28 09:24:47,816 DEBUG org.example.starter.core.service.scheduler.ExecOnTimerService [scheduling-1]    ... execOnTimer [scheduling-1]
2022-06-28 09:24:47,817 DEBUG org.example.starter.core.service.engine.impl.AsyncServiceImpl [task-6]    ... runAsync start [task-6] arg=[6604700f-e602-43d2-a7aa-4c6bda8b64aa]
2022-06-28 09:24:48,825 DEBUG org.example.starter.core.service.engine.impl.AsyncServiceImpl [task-5]    ... runAsync stop  [task-5] arg=[40780cf0-89ff-45ea-8c84-e7fa0bc57f3b]
2022-06-28 09:24:50,827 DEBUG org.example.starter.core.service.scheduler.ExecOnTimerService [scheduling-1]    ... execOnTimer [scheduling-1]
2022-06-28 09:24:50,828 DEBUG org.example.starter.core.service.engine.impl.AsyncServiceImpl [task-7]    ... runAsync start [task-7] arg=[6bd5c053-5cab-4d1c-97c9-a050ffc04a70]
2022-06-28 09:24:51,822 DEBUG org.example.starter.core.service.engine.impl.AsyncServiceImpl [task-6]    ... runAsync stop  [task-6] arg=[6604700f-e602-43d2-a7aa-4c6bda8b64aa]
2022-06-28 09:24:53,838 DEBUG org.example.starter.core.service.scheduler.ExecOnTimerService [scheduling-1]    ... execOnTimer [scheduling-1]
2022-06-28 09:24:53,838 DEBUG org.example.starter.core.service.engine.impl.AsyncServiceImpl [task-8]    ... runAsync start [task-8] arg=[0d5ce52b-eedb-4413-ae88-cdbf870bc890]
2022-06-28 09:24:54,838 DEBUG org.example.starter.core.service.engine.impl.AsyncServiceImpl [task-7]    ... runAsync stop  [task-7] arg=[6bd5c053-5cab-4d1c-97c9-a050ffc04a70]
2022-06-28 09:24:56,843 DEBUG org.example.starter.core.service.scheduler.ExecOnTimerService [scheduling-1]    ... execOnTimer [scheduling-1]
2022-06-28 09:24:56,843 DEBUG org.example.starter.core.service.engine.impl.AsyncServiceImpl [task-1]    ... runAsync start [task-1] arg=[c7c4d979-2d2e-46b3-888d-7c9556b7433c]
2022-06-28 09:24:57,854 DEBUG org.example.starter.core.service.engine.impl.AsyncServiceImpl [task-8]    ... runAsync stop  [task-8] arg=[0d5ce52b-eedb-4413-ae88-cdbf870bc890]
2022-06-28 09:24:59,844 DEBUG org.example.starter.core.service.scheduler.ExecOnTimerService [scheduling-1]    ... execOnTimer [scheduling-1]
2022-06-28 09:24:59,844 DEBUG org.example.starter.core.service.engine.impl.AsyncServiceImpl [task-2]    ... runAsync start [task-2] arg=[93c5d059-dc93-44f2-90e2-82aac1e845dd]
2022-06-28 09:25:00,846 DEBUG org.example.starter.core.service.engine.impl.AsyncServiceImpl [task-1]    ... runAsync stop  [task-1] arg=[c7c4d979-2d2e-46b3-888d-7c9556b7433c]
2022-06-28 09:25:02,859 DEBUG org.example.starter.core.service.scheduler.ExecOnTimerService [scheduling-1]    ... execOnTimer [scheduling-1]
2022-06-28 09:25:02,861 DEBUG org.example.starter.core.service.engine.impl.AsyncServiceImpl [task-3]    ... runAsync start [task-3] arg=[da84b9ff-b076-4ba7-bbbb-2cbe903b4e32]
2022-06-28 09:25:03,852 DEBUG org.example.starter.core.service.engine.impl.AsyncServiceImpl [task-2]    ... runAsync stop  [task-2] arg=[93c5d059-dc93-44f2-90e2-82aac1e845dd]
2022-06-28 09:25:05,864 DEBUG org.example.starter.core.service.scheduler.ExecOnTimerService [scheduling-1]    ... execOnTimer [scheduling-1]
2022-06-28 09:25:05,865 DEBUG org.example.starter.core.service.engine.impl.AsyncServiceImpl [task-4]    ... runAsync start [task-4] arg=[f94274d0-9c0e-4373-889b-3164530cd7b3]
2022-06-28 09:25:06,861 DEBUG org.example.starter.core.service.engine.impl.AsyncServiceImpl [task-3]    ... runAsync stop  [task-3] arg=[da84b9ff-b076-4ba7-bbbb-2cbe903b4e32]
2022-06-28 09:25:08,866 DEBUG org.example.starter.core.service.scheduler.ExecOnTimerService [scheduling-1]    ... execOnTimer [scheduling-1]
2022-06-28 09:25:08,867 DEBUG org.example.starter.core.service.engine.impl.AsyncServiceImpl [task-5]    ... runAsync start [task-5] arg=[409454d8-a1f2-4bf3-b792-d0ad72b6eb7f]
2022-06-28 09:25:09,867 DEBUG org.example.starter.core.service.engine.impl.AsyncServiceImpl [task-4]    ... runAsync stop  [task-4] arg=[f94274d0-9c0e-4373-889b-3164530cd7b3]
2022-06-28 09:25:11,868 DEBUG org.example.starter.core.service.scheduler.ExecOnTimerService [scheduling-1]    ... execOnTimer [scheduling-1]
2022-06-28 09:25:11,871 DEBUG org.example.starter.core.service.engine.impl.AsyncServiceImpl [task-6]    ... runAsync start [task-6] arg=[6e893b44-ec05-40bb-88df-8f3aead01bc2]
2022-06-28 09:25:12,871 DEBUG org.example.starter.core.service.engine.impl.AsyncServiceImpl [task-5]    ... runAsync stop  [task-5] arg=[409454d8-a1f2-4bf3-b792-d0ad72b6eb7f]
2022-06-28 09:25:14,884 DEBUG org.example.starter.core.service.scheduler.ExecOnTimerService [scheduling-1]    ... execOnTimer [scheduling-1]
2022-06-28 09:25:14,886 DEBUG org.example.starter.core.service.engine.impl.AsyncServiceImpl [task-7]    ... runAsync start [task-7] arg=[e24f5008-8d02-4aee-b97d-f34ae55a4aaa]
2022-06-28 09:25:15,877 DEBUG org.example.starter.core.service.engine.impl.AsyncServiceImpl [task-6]    ... runAsync stop  [task-6] arg=[6e893b44-ec05-40bb-88df-8f3aead01bc2]
2022-06-28 09:25:17,893 DEBUG org.example.starter.core.service.scheduler.ExecOnTimerService [scheduling-1]    ... execOnTimer [scheduling-1]
2022-06-28 09:25:17,894 DEBUG org.example.starter.core.service.engine.impl.AsyncServiceImpl [task-8]    ... runAsync start [task-8] arg=[b5c65e4f-af05-4e56-98cd-6191c0a84c3e]
2022-06-28 09:25:18,901 DEBUG org.example.starter.core.service.engine.impl.AsyncServiceImpl [task-7]    ... runAsync stop  [task-7] arg=[e24f5008-8d02-4aee-b97d-f34ae55a4aaa]
2022-06-28 09:25:20,895 DEBUG org.example.starter.core.service.scheduler.ExecOnTimerService [scheduling-1]    ... execOnTimer [scheduling-1]
2022-06-28 09:25:20,895 DEBUG org.example.starter.core.service.engine.impl.AsyncServiceImpl [task-1]    ... runAsync start [task-1] arg=[2f26a95f-6b76-44a9-9e5f-fa872602877f]
2022-06-28 09:25:21,905 DEBUG org.example.starter.core.service.engine.impl.AsyncServiceImpl [task-8]    ... runAsync stop  [task-8] arg=[b5c65e4f-af05-4e56-98cd-6191c0a84c3e]
2022-06-28 09:25:23,902 DEBUG org.example.starter.core.service.scheduler.ExecOnTimerService [scheduling-1]    ... execOnTimer [scheduling-1]
2022-06-28 09:25:23,902 DEBUG org.example.starter.core.service.engine.impl.AsyncServiceImpl [task-2]    ... runAsync start [task-2] arg=[7d42498b-a2e6-44fe-b2db-5fee86c247ee]
2022-06-28 09:25:24,898 DEBUG org.example.starter.core.service.engine.impl.AsyncServiceImpl [task-1]    ... runAsync stop  [task-1] arg=[2f26a95f-6b76-44a9-9e5f-fa872602877f]
2022-06-28 09:25:26,911 DEBUG org.example.starter.core.service.scheduler.ExecOnTimerService [scheduling-1]    ... execOnTimer [scheduling-1]
2022-06-28 09:25:26,911 DEBUG org.example.starter.core.service.engine.impl.AsyncServiceImpl [task-3]    ... runAsync start [task-3] arg=[3e2bc5c2-0ca6-4b71-9bb5-da6d10a5f098]
2022-06-28 09:25:27,906 DEBUG org.example.starter.core.service.engine.impl.AsyncServiceImpl [task-2]    ... runAsync stop  [task-2] arg=[7d42498b-a2e6-44fe-b2db-5fee86c247ee]
2022-06-28 09:25:29,926 DEBUG org.example.starter.core.service.scheduler.ExecOnTimerService [scheduling-1]    ... execOnTimer [scheduling-1]
2022-06-28 09:25:29,927 DEBUG org.example.starter.core.service.engine.impl.AsyncServiceImpl [task-4]    ... runAsync start [task-4] arg=[3f0b673c-22c1-42b9-b383-a427bebd04a2]
2022-06-28 09:25:30,915 DEBUG org.example.starter.core.service.engine.impl.AsyncServiceImpl [task-3]    ... runAsync stop  [task-3] arg=[3e2bc5c2-0ca6-4b71-9bb5-da6d10a5f098]
2022-06-28 09:25:32,933 DEBUG org.example.starter.core.service.scheduler.ExecOnTimerService [scheduling-1]    ... execOnTimer [scheduling-1]
2022-06-28 09:25:32,933 DEBUG org.example.starter.core.service.engine.impl.AsyncServiceImpl [task-5]    ... runAsync start [task-5] arg=[bac01cb7-9e4c-467c-9dd6-004d6b9a54cd]
2022-06-28 09:25:33,931 DEBUG org.example.starter.core.service.engine.impl.AsyncServiceImpl [task-4]    ... runAsync stop  [task-4] arg=[3f0b673c-22c1-42b9-b383-a427bebd04a2]
2022-06-28 09:25:35,944 DEBUG org.example.starter.core.service.scheduler.ExecOnTimerService [scheduling-1]    ... execOnTimer [scheduling-1]
2022-06-28 09:25:35,944 DEBUG org.example.starter.core.service.engine.impl.AsyncServiceImpl [task-6]    ... runAsync start [task-6] arg=[b64e811e-adae-4f4f-94b6-86e29ca818e3]
2022-06-28 09:25:36,939 DEBUG org.example.starter.core.service.engine.impl.AsyncServiceImpl [task-5]    ... runAsync stop  [task-5] arg=[bac01cb7-9e4c-467c-9dd6-004d6b9a54cd]
2022-06-28 09:25:38,946 DEBUG org.example.starter.core.service.scheduler.ExecOnTimerService [scheduling-1]    ... execOnTimer [scheduling-1]
2022-06-28 09:25:38,947 DEBUG org.example.starter.core.service.engine.impl.AsyncServiceImpl [task-7]    ... runAsync start [task-7] arg=[4e9e8870-6f0e-4773-9a22-ef4dc18f4a2a]
2022-06-28 09:25:39,950 DEBUG org.example.starter.core.service.engine.impl.AsyncServiceImpl [task-6]    ... runAsync stop  [task-6] arg=[b64e811e-adae-4f4f-94b6-86e29ca818e3]
2022-06-28 09:25:41,949 DEBUG org.example.starter.core.service.scheduler.ExecOnTimerService [scheduling-1]    ... execOnTimer [scheduling-1]
2022-06-28 09:25:41,950 DEBUG org.example.starter.core.service.engine.impl.AsyncServiceImpl [task-8]    ... runAsync start [task-8] arg=[3daf4f13-3ff6-4e41-ab58-789b1715d87a]
2022-06-28 09:25:42,958 DEBUG org.example.starter.core.service.engine.impl.AsyncServiceImpl [task-7]    ... runAsync stop  [task-7] arg=[4e9e8870-6f0e-4773-9a22-ef4dc18f4a2a]
2022-06-28 09:25:44,957 DEBUG org.example.starter.core.service.scheduler.ExecOnTimerService [scheduling-1]    ... execOnTimer [scheduling-1]
2022-06-28 09:25:44,957 DEBUG org.example.starter.core.service.engine.impl.AsyncServiceImpl [task-1]    ... runAsync start [task-1] arg=[6515b146-3e39-40b3-a35d-4d69898c2585]
2022-06-28 09:25:45,964 DEBUG org.example.starter.core.service.engine.impl.AsyncServiceImpl [task-8]    ... runAsync stop  [task-8] arg=[3daf4f13-3ff6-4e41-ab58-789b1715d87a]
2022-06-28 09:25:47,964 DEBUG org.example.starter.core.service.scheduler.ExecOnTimerService [scheduling-1]    ... execOnTimer [scheduling-1]
2022-06-28 09:25:47,965 DEBUG org.example.starter.core.service.engine.impl.AsyncServiceImpl [task-2]    ... runAsync start [task-2] arg=[1ebc44ba-959e-4c76-a159-05cb96ee76b8]
2022-06-28 09:25:48,969 DEBUG org.example.starter.core.service.engine.impl.AsyncServiceImpl [task-1]    ... runAsync stop  [task-1] arg=[6515b146-3e39-40b3-a35d-4d69898c2585]
2022-06-28 09:25:50,979 DEBUG org.example.starter.core.service.scheduler.ExecOnTimerService [scheduling-1]    ... execOnTimer [scheduling-1]
2022-06-28 09:25:50,980 DEBUG org.example.starter.core.service.engine.impl.AsyncServiceImpl [task-3]    ... runAsync start [task-3] arg=[f3b7e1e0-eb2a-4738-ae16-f4c0d5235408]
2022-06-28 09:25:51,966 DEBUG org.example.starter.core.service.engine.impl.AsyncServiceImpl [task-2]    ... runAsync stop  [task-2] arg=[1ebc44ba-959e-4c76-a159-05cb96ee76b8]
2022-06-28 09:25:53,996 DEBUG org.example.starter.core.service.scheduler.ExecOnTimerService [scheduling-1]    ... execOnTimer [scheduling-1]
2022-06-28 09:25:53,996 DEBUG org.example.starter.core.service.engine.impl.AsyncServiceImpl [task-4]    ... runAsync start [task-4] arg=[12096edc-e8c4-4fbf-bd8a-932ceddd7d09]
2022-06-28 09:25:54,997 DEBUG org.example.starter.core.service.engine.impl.AsyncServiceImpl [task-3]    ... runAsync stop  [task-3] arg=[f3b7e1e0-eb2a-4738-ae16-f4c0d5235408]
2022-06-28 09:25:57,009 DEBUG org.example.starter.core.service.scheduler.ExecOnTimerService [scheduling-1]    ... execOnTimer [scheduling-1]
2022-06-28 09:25:57,010 DEBUG org.example.starter.core.service.engine.impl.AsyncServiceImpl [task-5]    ... runAsync start [task-5] arg=[c03bedbb-1f80-4fb2-9773-f210375646a8]
2022-06-28 09:25:58,002 DEBUG org.example.starter.core.service.engine.impl.AsyncServiceImpl [task-4]    ... runAsync stop  [task-4] arg=[12096edc-e8c4-4fbf-bd8a-932ceddd7d09]
2022-06-28 09:26:00,021 DEBUG org.example.starter.core.service.scheduler.ExecOnTimerService [scheduling-1]    ... execOnTimer [scheduling-1]
2022-06-28 09:26:00,022 DEBUG org.example.starter.core.service.engine.impl.AsyncServiceImpl [task-6]    ... runAsync start [task-6] arg=[f26b8669-f7d9-4f67-9b1a-4b3f8c3fce95]
2022-06-28 09:26:01,025 DEBUG org.example.starter.core.service.engine.impl.AsyncServiceImpl [task-5]    ... runAsync stop  [task-5] arg=[c03bedbb-1f80-4fb2-9773-f210375646a8]
2022-06-28 09:26:03,032 DEBUG org.example.starter.core.service.scheduler.ExecOnTimerService [scheduling-1]    ... execOnTimer [scheduling-1]
2022-06-28 09:26:03,033 DEBUG org.example.starter.core.service.engine.impl.AsyncServiceImpl [task-7]    ... runAsync start [task-7] arg=[dddd53c9-29a0-415a-a876-b171bbe2af43]
2022-06-28 09:26:04,023 DEBUG org.example.starter.core.service.engine.impl.AsyncServiceImpl [task-6]    ... runAsync stop  [task-6] arg=[f26b8669-f7d9-4f67-9b1a-4b3f8c3fce95]
2022-06-28 09:26:06,038 DEBUG org.example.starter.core.service.scheduler.ExecOnTimerService [scheduling-1]    ... execOnTimer [scheduling-1]
2022-06-28 09:26:06,040 DEBUG org.example.starter.core.service.engine.impl.AsyncServiceImpl [task-8]    ... runAsync start [task-8] arg=[63a8ec30-56fc-434d-9f97-58c27e7246c8]
2022-06-28 09:26:07,049 DEBUG org.example.starter.core.service.engine.impl.AsyncServiceImpl [task-7]    ... runAsync stop  [task-7] arg=[dddd53c9-29a0-415a-a876-b171bbe2af43]
2022-06-28 09:26:09,049 DEBUG org.example.starter.core.service.scheduler.ExecOnTimerService [scheduling-1]    ... execOnTimer [scheduling-1]
2022-06-28 09:26:09,050 DEBUG org.example.starter.core.service.engine.impl.AsyncServiceImpl [task-1]    ... runAsync start [task-1] arg=[47853aaa-3da9-4f86-bb75-8aedb0a7eeae]
2022-06-28 09:26:10,050 DEBUG org.example.starter.core.service.engine.impl.AsyncServiceImpl [task-8]    ... runAsync stop  [task-8] arg=[63a8ec30-56fc-434d-9f97-58c27e7246c8]
2022-06-28 09:26:12,052 DEBUG org.example.starter.core.service.scheduler.ExecOnTimerService [scheduling-1]    ... execOnTimer [scheduling-1]
2022-06-28 09:26:12,054 DEBUG org.example.starter.core.service.engine.impl.AsyncServiceImpl [task-2]    ... runAsync start [task-2] arg=[169dea60-8128-4e6f-90b4-920792ee16ca]
2022-06-28 09:26:13,055 DEBUG org.example.starter.core.service.engine.impl.AsyncServiceImpl [task-1]    ... runAsync stop  [task-1] arg=[47853aaa-3da9-4f86-bb75-8aedb0a7eeae]
2022-06-28 09:26:15,057 DEBUG org.example.starter.core.service.scheduler.ExecOnTimerService [scheduling-1]    ... execOnTimer [scheduling-1]
2022-06-28 09:26:15,058 DEBUG org.example.starter.core.service.engine.impl.AsyncServiceImpl [task-3]    ... runAsync start [task-3] arg=[29b2e930-6d9d-4318-b3e8-6ac3f13ee668]
2022-06-28 09:26:16,069 DEBUG org.example.starter.core.service.engine.impl.AsyncServiceImpl [task-2]    ... runAsync stop  [task-2] arg=[169dea60-8128-4e6f-90b4-920792ee16ca]
2022-06-28 09:26:18,063 DEBUG org.example.starter.core.service.scheduler.ExecOnTimerService [scheduling-1]    ... execOnTimer [scheduling-1]
2022-06-28 09:26:18,064 DEBUG org.example.starter.core.service.engine.impl.AsyncServiceImpl [task-4]    ... runAsync start [task-4] arg=[da90719d-0d15-435c-99c0-1a600bc11999]
2022-06-28 09:26:19,058 DEBUG org.example.starter.core.service.engine.impl.AsyncServiceImpl [task-3]    ... runAsync stop  [task-3] arg=[29b2e930-6d9d-4318-b3e8-6ac3f13ee668]
2022-06-28 09:26:21,064 DEBUG org.example.starter.core.service.scheduler.ExecOnTimerService [scheduling-1]    ... execOnTimer [scheduling-1]
2022-06-28 09:26:21,065 DEBUG org.example.starter.core.service.engine.impl.AsyncServiceImpl [task-5]    ... runAsync start [task-5] arg=[b9e32910-1b26-4d70-b42b-ff747d2cd6ce]
2022-06-28 09:26:22,071 DEBUG org.example.starter.core.service.engine.impl.AsyncServiceImpl [task-4]    ... runAsync stop  [task-4] arg=[da90719d-0d15-435c-99c0-1a600bc11999]
2022-06-28 09:26:24,078 DEBUG org.example.starter.core.service.scheduler.ExecOnTimerService [scheduling-1]    ... execOnTimer [scheduling-1]
2022-06-28 09:26:24,079 DEBUG org.example.starter.core.service.engine.impl.AsyncServiceImpl [task-6]    ... runAsync start [task-6] arg=[9a88de8c-54ef-4d06-b616-aed528ed11dd]
2022-06-28 09:26:25,079 DEBUG org.example.starter.core.service.engine.impl.AsyncServiceImpl [task-5]    ... runAsync stop  [task-5] arg=[b9e32910-1b26-4d70-b42b-ff747d2cd6ce]
2022-06-28 09:26:27,080 DEBUG org.example.starter.core.service.scheduler.ExecOnTimerService [scheduling-1]    ... execOnTimer [scheduling-1]
2022-06-28 09:26:27,081 DEBUG org.example.starter.core.service.engine.impl.AsyncServiceImpl [task-7]    ... runAsync start [task-7] arg=[d1fc8d5c-21bf-4f6e-8b5f-82aeafa145b0]
2022-06-28 09:26:28,090 DEBUG org.example.starter.core.service.engine.impl.AsyncServiceImpl [task-6]    ... runAsync stop  [task-6] arg=[9a88de8c-54ef-4d06-b616-aed528ed11dd]
2022-06-28 09:26:30,092 DEBUG org.example.starter.core.service.scheduler.ExecOnTimerService [scheduling-1]    ... execOnTimer [scheduling-1]
2022-06-28 09:26:30,092 DEBUG org.example.starter.core.service.engine.impl.AsyncServiceImpl [task-8]    ... runAsync start [task-8] arg=[33f44c06-4e55-4810-b8d1-491fdae6806e]
2022-06-28 09:26:31,094 DEBUG org.example.starter.core.service.engine.impl.AsyncServiceImpl [task-7]    ... runAsync stop  [task-7] arg=[d1fc8d5c-21bf-4f6e-8b5f-82aeafa145b0]
2022-06-28 09:26:33,098 DEBUG org.example.starter.core.service.scheduler.ExecOnTimerService [scheduling-1]    ... execOnTimer [scheduling-1]
2022-06-28 09:26:33,098 DEBUG org.example.starter.core.service.engine.impl.AsyncServiceImpl [task-1]    ... runAsync start [task-1] arg=[fc15c800-5496-466a-a469-f0a144839db9]
2022-06-28 09:26:34,094 DEBUG org.example.starter.core.service.engine.impl.AsyncServiceImpl [task-8]    ... runAsync stop  [task-8] arg=[33f44c06-4e55-4810-b8d1-491fdae6806e]
2022-06-28 09:26:36,110 DEBUG org.example.starter.core.service.scheduler.ExecOnTimerService [scheduling-1]    ... execOnTimer [scheduling-1]
2022-06-28 09:26:36,111 DEBUG org.example.starter.core.service.engine.impl.AsyncServiceImpl [task-2]    ... runAsync start [task-2] arg=[c21681d7-13a7-4488-9943-091e8d48b57d]
2022-06-28 09:26:37,102 DEBUG org.example.starter.core.service.engine.impl.AsyncServiceImpl [task-1]    ... runAsync stop  [task-1] arg=[fc15c800-5496-466a-a469-f0a144839db9]
2022-06-28 09:26:39,118 DEBUG org.example.starter.core.service.scheduler.ExecOnTimerService [scheduling-1]    ... execOnTimer [scheduling-1]
2022-06-28 09:26:39,119 DEBUG org.example.starter.core.service.engine.impl.AsyncServiceImpl [task-3]    ... runAsync start [task-3] arg=[d97c9ea2-90e5-4f4c-9783-ceb85ac0716b]
2022-06-28 09:26:40,122 DEBUG org.example.starter.core.service.engine.impl.AsyncServiceImpl [task-2]    ... runAsync stop  [task-2] arg=[c21681d7-13a7-4488-9943-091e8d48b57d]
2022-06-28 09:26:42,123 DEBUG org.example.starter.core.service.scheduler.ExecOnTimerService [scheduling-1]    ... execOnTimer [scheduling-1]
2022-06-28 09:26:42,124 DEBUG org.example.starter.core.service.engine.impl.AsyncServiceImpl [task-4]    ... runAsync start [task-4] arg=[12c9325b-7271-43de-9177-f7174b560ca5]
2022-06-28 09:26:43,132 DEBUG org.example.starter.core.service.engine.impl.AsyncServiceImpl [task-3]    ... runAsync stop  [task-3] arg=[d97c9ea2-90e5-4f4c-9783-ceb85ac0716b]
2022-06-28 09:26:45,126 DEBUG org.example.starter.core.service.scheduler.ExecOnTimerService [scheduling-1]    ... execOnTimer [scheduling-1]
2022-06-28 09:26:45,126 DEBUG org.example.starter.core.service.engine.impl.AsyncServiceImpl [task-5]    ... runAsync start [task-5] arg=[5e584e74-7185-4994-bef8-97efb8fd5882]
2022-06-28 09:26:46,135 DEBUG org.example.starter.core.service.engine.impl.AsyncServiceImpl [task-4]    ... runAsync stop  [task-4] arg=[12c9325b-7271-43de-9177-f7174b560ca5]
2022-06-28 09:26:48,133 DEBUG org.example.starter.core.service.scheduler.ExecOnTimerService [scheduling-1]    ... execOnTimer [scheduling-1]
2022-06-28 09:26:48,134 DEBUG org.example.starter.core.service.engine.impl.AsyncServiceImpl [task-6]    ... runAsync start [task-6] arg=[ba2e7ef3-6702-4f3b-bd96-e3471db9ee81]
2022-06-28 09:26:49,137 DEBUG org.example.starter.core.service.engine.impl.AsyncServiceImpl [task-5]    ... runAsync stop  [task-5] arg=[5e584e74-7185-4994-bef8-97efb8fd5882]
2022-06-28 09:26:51,138 DEBUG org.example.starter.core.service.scheduler.ExecOnTimerService [scheduling-1]    ... execOnTimer [scheduling-1]
2022-06-28 09:26:51,138 DEBUG org.example.starter.core.service.engine.impl.AsyncServiceImpl [task-7]    ... runAsync start [task-7] arg=[7f8cdd44-1cb8-40f9-8afc-40f945874830]
2022-06-28 09:26:52,146 DEBUG org.example.starter.core.service.engine.impl.AsyncServiceImpl [task-6]    ... runAsync stop  [task-6] arg=[ba2e7ef3-6702-4f3b-bd96-e3471db9ee81]
2022-06-28 09:26:54,152 DEBUG org.example.starter.core.service.scheduler.ExecOnTimerService [scheduling-1]    ... execOnTimer [scheduling-1]
2022-06-28 09:26:54,153 DEBUG org.example.starter.core.service.engine.impl.AsyncServiceImpl [task-8]    ... runAsync start [task-8] arg=[7f6ba0d7-c049-45e7-b66d-3a8bdba67eb9]
2022-06-28 09:26:55,143 DEBUG org.example.starter.core.service.engine.impl.AsyncServiceImpl [task-7]    ... runAsync stop  [task-7] arg=[7f8cdd44-1cb8-40f9-8afc-40f945874830]
2022-06-28 09:26:57,168 DEBUG org.example.starter.core.service.scheduler.ExecOnTimerService [scheduling-1]    ... execOnTimer [scheduling-1]
2022-06-28 09:26:57,169 DEBUG org.example.starter.core.service.engine.impl.AsyncServiceImpl [task-1]    ... runAsync start [task-1] arg=[6d31a593-040f-4148-a6f2-d743f643f0ac]
2022-06-28 09:26:58,162 DEBUG org.example.starter.core.service.engine.impl.AsyncServiceImpl [task-8]    ... runAsync stop  [task-8] arg=[7f6ba0d7-c049-45e7-b66d-3a8bdba67eb9]
2022-06-28 09:27:00,175 DEBUG org.example.starter.core.service.scheduler.ExecOnTimerService [scheduling-1]    ... execOnTimer [scheduling-1]
2022-06-28 09:27:00,175 DEBUG org.example.starter.core.service.engine.impl.AsyncServiceImpl [task-2]    ... runAsync start [task-2] arg=[bc21e587-cac3-4e05-8e02-c092445aeb74]
2022-06-28 09:27:01,171 DEBUG org.example.starter.core.service.engine.impl.AsyncServiceImpl [task-1]    ... runAsync stop  [task-1] arg=[6d31a593-040f-4148-a6f2-d743f643f0ac]
2022-06-28 09:27:03,176 DEBUG org.example.starter.core.service.scheduler.ExecOnTimerService [scheduling-1]    ... execOnTimer [scheduling-1]
2022-06-28 09:27:03,176 DEBUG org.example.starter.core.service.engine.impl.AsyncServiceImpl [task-3]    ... runAsync start [task-3] arg=[c5a5decd-59c8-4649-ad12-b0dd35361cab]
2022-06-28 09:27:04,190 DEBUG org.example.starter.core.service.engine.impl.AsyncServiceImpl [task-2]    ... runAsync stop  [task-2] arg=[bc21e587-cac3-4e05-8e02-c092445aeb74]
2022-06-28 09:27:06,190 DEBUG org.example.starter.core.service.scheduler.ExecOnTimerService [scheduling-1]    ... execOnTimer [scheduling-1]
2022-06-28 09:27:06,191 DEBUG org.example.starter.core.service.engine.impl.AsyncServiceImpl [task-4]    ... runAsync start [task-4] arg=[92194e52-cf61-4c8f-bd92-436547f08523]
2022-06-28 09:27:07,183 DEBUG org.example.starter.core.service.engine.impl.AsyncServiceImpl [task-3]    ... runAsync stop  [task-3] arg=[c5a5decd-59c8-4649-ad12-b0dd35361cab]
2022-06-28 09:27:09,197 DEBUG org.example.starter.core.service.scheduler.ExecOnTimerService [scheduling-1]    ... execOnTimer [scheduling-1]
2022-06-28 09:27:09,198 DEBUG org.example.starter.core.service.engine.impl.AsyncServiceImpl [task-5]    ... runAsync start [task-5] arg=[cce048f5-259e-4cb0-acb8-49efc7e815c7]
2022-06-28 09:27:10,198 DEBUG org.example.starter.core.service.engine.impl.AsyncServiceImpl [task-4]    ... runAsync stop  [task-4] arg=[92194e52-cf61-4c8f-bd92-436547f08523]
2022-06-28 09:27:12,207 DEBUG org.example.starter.core.service.scheduler.ExecOnTimerService [scheduling-1]    ... execOnTimer [scheduling-1]
2022-06-28 09:27:12,208 DEBUG org.example.starter.core.service.engine.impl.AsyncServiceImpl [task-6]    ... runAsync start [task-6] arg=[50d419e0-4b10-45e9-8bf6-bf0b5937e951]
2022-06-28 09:27:13,213 DEBUG org.example.starter.core.service.engine.impl.AsyncServiceImpl [task-5]    ... runAsync stop  [task-5] arg=[cce048f5-259e-4cb0-acb8-49efc7e815c7]
2022-06-28 09:27:15,214 DEBUG org.example.starter.core.service.scheduler.ExecOnTimerService [scheduling-1]    ... execOnTimer [scheduling-1]
2022-06-28 09:27:15,215 DEBUG org.example.starter.core.service.engine.impl.AsyncServiceImpl [task-7]    ... runAsync start [task-7] arg=[c58d2333-2d11-4664-87b9-1a002503cee0]
2022-06-28 09:27:16,220 DEBUG org.example.starter.core.service.engine.impl.AsyncServiceImpl [task-6]    ... runAsync stop  [task-6] arg=[50d419e0-4b10-45e9-8bf6-bf0b5937e951]
2022-06-28 09:27:18,220 DEBUG org.example.starter.core.service.scheduler.ExecOnTimerService [scheduling-1]    ... execOnTimer [scheduling-1]
2022-06-28 09:27:18,221 DEBUG org.example.starter.core.service.engine.impl.AsyncServiceImpl [task-8]    ... runAsync start [task-8] arg=[7c7a343b-6abb-4550-9c6d-0c63d230acaa]
2022-06-28 09:27:19,228 DEBUG org.example.starter.core.service.engine.impl.AsyncServiceImpl [task-7]    ... runAsync stop  [task-7] arg=[c58d2333-2d11-4664-87b9-1a002503cee0]
2022-06-28 09:27:21,224 DEBUG org.example.starter.core.service.scheduler.ExecOnTimerService [scheduling-1]    ... execOnTimer [scheduling-1]
2022-06-28 09:27:21,226 DEBUG org.example.starter.core.service.engine.impl.AsyncServiceImpl [task-1]    ... runAsync start [task-1] arg=[a7e91338-7e9a-47ca-916f-42605c94ac51]
2022-06-28 09:27:22,224 DEBUG org.example.starter.core.service.engine.impl.AsyncServiceImpl [task-8]    ... runAsync stop  [task-8] arg=[7c7a343b-6abb-4550-9c6d-0c63d230acaa]
2022-06-28 09:27:24,228 DEBUG org.example.starter.core.service.scheduler.ExecOnTimerService [scheduling-1]    ... execOnTimer [scheduling-1]
2022-06-28 09:27:24,228 DEBUG org.example.starter.core.service.engine.impl.AsyncServiceImpl [task-2]    ... runAsync start [task-2] arg=[9ca1ab9a-0d64-467e-953b-0789073a2ffb]
2022-06-28 09:27:25,237 DEBUG org.example.starter.core.service.engine.impl.AsyncServiceImpl [task-1]    ... runAsync stop  [task-1] arg=[a7e91338-7e9a-47ca-916f-42605c94ac51]
2022-06-28 09:27:27,238 DEBUG org.example.starter.core.service.scheduler.ExecOnTimerService [scheduling-1]    ... execOnTimer [scheduling-1]
2022-06-28 09:27:27,239 DEBUG org.example.starter.core.service.engine.impl.AsyncServiceImpl [task-3]    ... runAsync start [task-3] arg=[0710a2c2-f1db-489b-a9e1-1bfc2619106a]
2022-06-28 09:27:28,235 DEBUG org.example.starter.core.service.engine.impl.AsyncServiceImpl [task-2]    ... runAsync stop  [task-2] arg=[9ca1ab9a-0d64-467e-953b-0789073a2ffb]
2022-06-28 09:27:30,244 DEBUG org.example.starter.core.service.scheduler.ExecOnTimerService [scheduling-1]    ... execOnTimer [scheduling-1]
2022-06-28 09:27:30,244 DEBUG org.example.starter.core.service.engine.impl.AsyncServiceImpl [task-4]    ... runAsync start [task-4] arg=[d489f2cb-adbe-4064-9dea-4c7f3584192f]
2022-06-28 09:27:31,247 DEBUG org.example.starter.core.service.engine.impl.AsyncServiceImpl [task-3]    ... runAsync stop  [task-3] arg=[0710a2c2-f1db-489b-a9e1-1bfc2619106a]
2022-06-28 09:27:33,254 DEBUG org.example.starter.core.service.scheduler.ExecOnTimerService [scheduling-1]    ... execOnTimer [scheduling-1]
2022-06-28 09:27:33,255 DEBUG org.example.starter.core.service.engine.impl.AsyncServiceImpl [task-5]    ... runAsync start [task-5] arg=[06511fbf-9d8a-488f-9ad5-c5b311c77a84]
2022-06-28 09:27:34,254 DEBUG org.example.starter.core.service.engine.impl.AsyncServiceImpl [task-4]    ... runAsync stop  [task-4] arg=[d489f2cb-adbe-4064-9dea-4c7f3584192f]
2022-06-28 09:27:36,259 DEBUG org.example.starter.core.service.scheduler.ExecOnTimerService [scheduling-1]    ... execOnTimer [scheduling-1]
2022-06-28 09:27:36,259 DEBUG org.example.starter.core.service.engine.impl.AsyncServiceImpl [task-6]    ... runAsync start [task-6] arg=[0ee20c5d-782c-4a6d-a89b-c2014cc50cf3]
2022-06-28 09:27:37,269 DEBUG org.example.starter.core.service.engine.impl.AsyncServiceImpl [task-5]    ... runAsync stop  [task-5] arg=[06511fbf-9d8a-488f-9ad5-c5b311c77a84]
2022-06-28 09:27:39,263 DEBUG org.example.starter.core.service.scheduler.ExecOnTimerService [scheduling-1]    ... execOnTimer [scheduling-1]
2022-06-28 09:27:39,263 DEBUG org.example.starter.core.service.engine.impl.AsyncServiceImpl [task-7]    ... runAsync start [task-7] arg=[b04b0d02-7307-46a9-baf6-3a8d2ef22ff7]
2022-06-28 09:27:40,269 DEBUG org.example.starter.core.service.engine.impl.AsyncServiceImpl [task-6]    ... runAsync stop  [task-6] arg=[0ee20c5d-782c-4a6d-a89b-c2014cc50cf3]
2022-06-28 09:27:42,269 DEBUG org.example.starter.core.service.scheduler.ExecOnTimerService [scheduling-1]    ... execOnTimer [scheduling-1]
2022-06-28 09:27:42,269 DEBUG org.example.starter.core.service.engine.impl.AsyncServiceImpl [task-8]    ... runAsync start [task-8] arg=[f13d341f-a327-4867-aff1-8198fcea1d2b]
2022-06-28 09:27:43,271 DEBUG org.example.starter.core.service.engine.impl.AsyncServiceImpl [task-7]    ... runAsync stop  [task-7] arg=[b04b0d02-7307-46a9-baf6-3a8d2ef22ff7]
2022-06-28 09:27:45,282 DEBUG org.example.starter.core.service.scheduler.ExecOnTimerService [scheduling-1]    ... execOnTimer [scheduling-1]
2022-06-28 09:27:45,282 DEBUG org.example.starter.core.service.engine.impl.AsyncServiceImpl [task-1]    ... runAsync start [task-1] arg=[1c84f825-8202-4317-b51e-26f46ffc3d7c]
2022-06-28 09:27:46,281 DEBUG org.example.starter.core.service.engine.impl.AsyncServiceImpl [task-8]    ... runAsync stop  [task-8] arg=[f13d341f-a327-4867-aff1-8198fcea1d2b]
2022-06-28 09:27:48,287 DEBUG org.example.starter.core.service.scheduler.ExecOnTimerService [scheduling-1]    ... execOnTimer [scheduling-1]
2022-06-28 09:27:48,287 DEBUG org.example.starter.core.service.engine.impl.AsyncServiceImpl [task-2]    ... runAsync start [task-2] arg=[c64e90e3-fcf7-48d5-809c-0c7973763178]
2022-06-28 09:27:49,296 DEBUG org.example.starter.core.service.engine.impl.AsyncServiceImpl [task-1]    ... runAsync stop  [task-1] arg=[1c84f825-8202-4317-b51e-26f46ffc3d7c]
2022-06-28 09:27:51,293 DEBUG org.example.starter.core.service.scheduler.ExecOnTimerService [scheduling-1]    ... execOnTimer [scheduling-1]
2022-06-28 09:27:51,293 DEBUG org.example.starter.core.service.engine.impl.AsyncServiceImpl [task-3]    ... runAsync start [task-3] arg=[6657245c-255f-4d0c-8665-18148092af7a]
2022-06-28 09:27:52,296 DEBUG org.example.starter.core.service.engine.impl.AsyncServiceImpl [task-2]    ... runAsync stop  [task-2] arg=[c64e90e3-fcf7-48d5-809c-0c7973763178]
2022-06-28 09:27:54,299 DEBUG org.example.starter.core.service.scheduler.ExecOnTimerService [scheduling-1]    ... execOnTimer [scheduling-1]
2022-06-28 09:27:54,299 DEBUG org.example.starter.core.service.engine.impl.AsyncServiceImpl [task-4]    ... runAsync start [task-4] arg=[b4e36421-ccf3-4aaf-9cbf-e45c172e9472]
2022-06-28 09:27:55,294 DEBUG org.example.starter.core.service.engine.impl.AsyncServiceImpl [task-3]    ... runAsync stop  [task-3] arg=[6657245c-255f-4d0c-8665-18148092af7a]
2022-06-28 09:27:57,314 DEBUG org.example.starter.core.service.scheduler.ExecOnTimerService [scheduling-1]    ... execOnTimer [scheduling-1]
2022-06-28 09:27:57,314 DEBUG org.example.starter.core.service.engine.impl.AsyncServiceImpl [task-5]    ... runAsync start [task-5] arg=[42ce5df3-1110-42c4-b2c3-7be6661ce26a]
2022-06-28 09:27:58,300 DEBUG org.example.starter.core.service.engine.impl.AsyncServiceImpl [task-4]    ... runAsync stop  [task-4] arg=[b4e36421-ccf3-4aaf-9cbf-e45c172e9472]
2022-06-28 09:28:00,330 DEBUG org.example.starter.core.service.scheduler.ExecOnTimerService [scheduling-1]    ... execOnTimer [scheduling-1]
2022-06-28 09:28:00,330 DEBUG org.example.starter.core.service.engine.impl.AsyncServiceImpl [task-6]    ... runAsync start [task-6] arg=[b4604bdf-1844-40eb-98f6-530b171a4039]
2022-06-28 09:28:01,316 DEBUG org.example.starter.core.service.engine.impl.AsyncServiceImpl [task-5]    ... runAsync stop  [task-5] arg=[42ce5df3-1110-42c4-b2c3-7be6661ce26a]
2022-06-28 09:28:03,344 DEBUG org.example.starter.core.service.scheduler.ExecOnTimerService [scheduling-1]    ... execOnTimer [scheduling-1]
2022-06-28 09:28:03,344 DEBUG org.example.starter.core.service.engine.impl.AsyncServiceImpl [task-7]    ... runAsync start [task-7] arg=[f573fb86-dc28-4830-ba77-51df0b85ce6a]
2022-06-28 09:28:04,330 DEBUG org.example.starter.core.service.engine.impl.AsyncServiceImpl [task-6]    ... runAsync stop  [task-6] arg=[b4604bdf-1844-40eb-98f6-530b171a4039]
2022-06-28 09:28:06,350 DEBUG org.example.starter.core.service.scheduler.ExecOnTimerService [scheduling-1]    ... execOnTimer [scheduling-1]
2022-06-28 09:28:06,350 DEBUG org.example.starter.core.service.engine.impl.AsyncServiceImpl [task-8]    ... runAsync start [task-8] arg=[69e90e3c-8790-4d5f-b81b-c4ca8062b2c7]
2022-06-28 09:28:07,346 DEBUG org.example.starter.core.service.engine.impl.AsyncServiceImpl [task-7]    ... runAsync stop  [task-7] arg=[f573fb86-dc28-4830-ba77-51df0b85ce6a]
2022-06-28 09:28:09,366 DEBUG org.example.starter.core.service.scheduler.ExecOnTimerService [scheduling-1]    ... execOnTimer [scheduling-1]
2022-06-28 09:28:09,366 DEBUG org.example.starter.core.service.engine.impl.AsyncServiceImpl [task-1]    ... runAsync start [task-1] arg=[b40a8643-df9f-4672-bf6b-6ed19f5918d7]
2022-06-28 09:28:10,361 DEBUG org.example.starter.core.service.engine.impl.AsyncServiceImpl [task-8]    ... runAsync stop  [task-8] arg=[69e90e3c-8790-4d5f-b81b-c4ca8062b2c7]
2022-06-28 09:28:12,381 DEBUG org.example.starter.core.service.scheduler.ExecOnTimerService [scheduling-1]    ... execOnTimer [scheduling-1]
2022-06-28 09:28:12,381 DEBUG org.example.starter.core.service.engine.impl.AsyncServiceImpl [task-2]    ... runAsync start [task-2] arg=[3f00aa30-8e9c-42d1-ad23-2f809e0b5fcc]
2022-06-28 09:28:13,366 DEBUG org.example.starter.core.service.engine.impl.AsyncServiceImpl [task-1]    ... runAsync stop  [task-1] arg=[b40a8643-df9f-4672-bf6b-6ed19f5918d7]
2022-06-28 09:28:15,397 DEBUG org.example.starter.core.service.scheduler.ExecOnTimerService [scheduling-1]    ... execOnTimer [scheduling-1]
2022-06-28 09:28:15,398 DEBUG org.example.starter.core.service.engine.impl.AsyncServiceImpl [task-3]    ... runAsync start [task-3] arg=[d26dc47f-4e38-4da4-8223-7dd880236f9d]
2022-06-28 09:28:16,381 DEBUG org.example.starter.core.service.engine.impl.AsyncServiceImpl [task-2]    ... runAsync stop  [task-2] arg=[3f00aa30-8e9c-42d1-ad23-2f809e0b5fcc]
2022-06-28 09:28:18,409 DEBUG org.example.starter.core.service.scheduler.ExecOnTimerService [scheduling-1]    ... execOnTimer [scheduling-1]
2022-06-28 09:28:18,409 DEBUG org.example.starter.core.service.engine.impl.AsyncServiceImpl [task-4]    ... runAsync start [task-4] arg=[25d6c51f-09c2-45c5-95d8-c5bc4647b1c2]
2022-06-28 09:28:19,412 DEBUG org.example.starter.core.service.engine.impl.AsyncServiceImpl [task-3]    ... runAsync stop  [task-3] arg=[d26dc47f-4e38-4da4-8223-7dd880236f9d]
2022-06-28 09:28:21,416 DEBUG org.example.starter.core.service.scheduler.ExecOnTimerService [scheduling-1]    ... execOnTimer [scheduling-1]
2022-06-28 09:28:21,417 DEBUG org.example.starter.core.service.engine.impl.AsyncServiceImpl [task-5]    ... runAsync start [task-5] arg=[5cfc42ae-4e81-447a-9378-acd4fcfe0dc5]
2022-06-28 09:28:22,411 DEBUG org.example.starter.core.service.engine.impl.AsyncServiceImpl [task-4]    ... runAsync stop  [task-4] arg=[25d6c51f-09c2-45c5-95d8-c5bc4647b1c2]
2022-06-28 09:28:24,433 DEBUG org.example.starter.core.service.scheduler.ExecOnTimerService [scheduling-1]    ... execOnTimer [scheduling-1]
2022-06-28 09:28:24,434 DEBUG org.example.starter.core.service.engine.impl.AsyncServiceImpl [task-6]    ... runAsync start [task-6] arg=[81a89af9-4971-40df-b303-2b0038d3d722]
2022-06-28 09:28:25,417 DEBUG org.example.starter.core.service.engine.impl.AsyncServiceImpl [task-5]    ... runAsync stop  [task-5] arg=[5cfc42ae-4e81-447a-9378-acd4fcfe0dc5]
2022-06-28 09:28:27,446 DEBUG org.example.starter.core.service.scheduler.ExecOnTimerService [scheduling-1]    ... execOnTimer [scheduling-1]
2022-06-28 09:28:27,446 DEBUG org.example.starter.core.service.engine.impl.AsyncServiceImpl [task-7]    ... runAsync start [task-7] arg=[e1766998-6f55-4113-bd25-0c931eac2d23]
2022-06-28 09:28:28,448 DEBUG org.example.starter.core.service.engine.impl.AsyncServiceImpl [task-6]    ... runAsync stop  [task-6] arg=[81a89af9-4971-40df-b303-2b0038d3d722]
2022-06-28 09:28:30,460 DEBUG org.example.starter.core.service.scheduler.ExecOnTimerService [scheduling-1]    ... execOnTimer [scheduling-1]
2022-06-28 09:28:30,461 DEBUG org.example.starter.core.service.engine.impl.AsyncServiceImpl [task-8]    ... runAsync start [task-8] arg=[7465fdf1-72db-4ddd-abd8-4fc8177eab4b]
2022-06-28 09:28:31,447 DEBUG org.example.starter.core.service.engine.impl.AsyncServiceImpl [task-7]    ... runAsync stop  [task-7] arg=[e1766998-6f55-4113-bd25-0c931eac2d23]
